  AboutPopup.cpp
  BoxColliderDrawer.cpp
  BuildWindow.cpp
  CameraDrawer.cpp
  CapsuleColliderDrawer.cpp
  Command.cpp
  CommandManager.cpp
C:\Users\jsand\Documents\PhysicsEngine\editor\editor\src\CommandManager.cpp(60,14): warning C4018: '<': signed/unsigned mismatch
C:\Users\jsand\Documents\PhysicsEngine\editor\editor\src\CommandManager.cpp(69,14): warning C4018: '<': signed/unsigned mismatch
C:\Users\jsand\Documents\PhysicsEngine\editor\editor\src\CommandManager.cpp(90,17): warning C4018: '<': signed/unsigned mismatch
  Console.cpp
  CubemapDrawer.cpp
  Editor.cpp
C:\Users\jsand\Documents\PhysicsEngine\editor\editor\src\Editor.cpp(166,40): warning C4244: '=': conversion from '_Rep' to 'float', possible loss of data
          with
          [
              _Rep=double
          ]
C:\Users\jsand\Documents\PhysicsEngine\editor\editor\src\Editor.cpp(440,29): warning C4244: 'initializing': conversion from 'float' to 'int', possible loss of data
C:\Users\jsand\Documents\PhysicsEngine\editor\editor\src\Editor.cpp(441,30): warning C4244: 'initializing': conversion from 'float' to 'int', possible loss of data
  EditorCameraSystem.cpp
C:\Users\jsand\Documents\PhysicsEngine\editor\editor\src\EditorCameraSystem.cpp(218,8): warning C4244: 'initializing': conversion from 'float' to 'int', possible loss of data
C:\Users\jsand\Documents\PhysicsEngine\editor\editor\src\EditorCameraSystem.cpp(219,8): warning C4244: 'initializing': conversion from 'float' to 'int', possible loss of data
  EditorClipboard.cpp
  EditorCommands.cpp
  EditorFileIO.cpp
  EditorOnlyEntityCreation.cpp
  EditorToolbar.cpp
  Filebrowser.cpp
  FileSystemUtil.cpp
  FontDrawer.cpp
  Hierarchy.cpp
  Generating Code...
  Compiling...
  imgui_extensions.cpp
  imgui_styles.cpp
  Inspector.cpp
  InspectorDrawer.cpp
  LibraryDirectory.cpp
  LightDrawer.cpp
  LineRendererDrawer.cpp
  Load.cpp
  LoadInspectorDrawerInternal.cpp
  main.cpp
  EditorMenuBar.cpp
  MaterialDrawer.cpp
  MaterialRenderer.cpp
  MeshColliderDrawer.cpp
  MeshDrawer.cpp
  MeshRendererDrawer.cpp
  PerformanceQueue.cpp
C:\Users\jsand\Documents\PhysicsEngine\editor\editor\src\PerformanceQueue.cpp(47,23): warning C4018: '<': signed/unsigned mismatch
  PreferencesWindow.cpp
  ProjectView.cpp
C:\Users\jsand\Documents\PhysicsEngine\editor\editor\src\ProjectView.cpp(56,23): warning C4018: '<': signed/unsigned mismatch
  ProjectWindow.cpp
  Generating Code...
  Compiling...
  RigidbodyDrawer.cpp
  SceneView.cpp
C:\Users\jsand\Documents\PhysicsEngine\editor\editor\src\SceneView.cpp(89,69): warning C4838: conversion from 'GLuint' to 'const GLint' requires a narrowing conversion
C:\Users\jsand\Documents\PhysicsEngine\editor\editor\src\SceneView.cpp(90,58): warning C4838: conversion from 'GLuint' to 'const GLint' requires a narrowing conversion
C:\Users\jsand\Documents\PhysicsEngine\editor\editor\src\SceneView.cpp(91,51): warning C4838: conversion from 'GLuint' to 'const GLint' requires a narrowing conversion
C:\Users\jsand\Documents\PhysicsEngine\editor\editor\src\SceneView.cpp(92,52): warning C4838: conversion from 'GLuint' to 'const GLint' requires a narrowing conversion
C:\Users\jsand\Documents\PhysicsEngine\editor\editor\src\SceneView.cpp(93,54): warning C4838: conversion from 'GLuint' to 'const GLint' requires a narrowing conversion
C:\Users\jsand\Documents\PhysicsEngine\editor\editor\src\SceneView.cpp(94,56): warning C4838: conversion from 'GLuint' to 'const GLint' requires a narrowing conversion
C:\Users\jsand\Documents\PhysicsEngine\editor\editor\src\SceneView.cpp(95,55): warning C4838: conversion from 'GLuint' to 'const GLint' requires a narrowing conversion
C:\Users\jsand\Documents\PhysicsEngine\editor\editor\src\SceneView.cpp(96,55): warning C4838: conversion from 'GLuint' to 'const GLint' requires a narrowing conversion
  ShaderDrawer.cpp
  SphereColliderDrawer.cpp
  Texture2DDrawer.cpp
  Texture3DDrawer.cpp
  TransformDrawer.cpp
  WriteToJson.cpp
  Generating Code...
engine.lib(Guid.obj) : fatal error LNK1112: module machine type 'x64' conflicts with target machine type 'x86'
