c:\users\jsand\documents\physicsengine\editor\editor\x64\release\vc142.pdb
c:\users\jsand\documents\physicsengine\editor\editor\x64\release\inspectordrawer.obj
c:\users\jsand\documents\physicsengine\editor\editor\x64\release\inspector.obj
c:\users\jsand\documents\physicsengine\editor\editor\x64\release\imgui_styles.obj
c:\users\jsand\documents\physicsengine\editor\editor\x64\release\imgui_extensions.obj
c:\users\jsand\documents\physicsengine\editor\editor\x64\release\hierarchy.obj
c:\users\jsand\documents\physicsengine\editor\editor\x64\release\filesystemutil.obj
c:\users\jsand\documents\physicsengine\editor\editor\x64\release\filebrowser.obj
c:\users\jsand\documents\physicsengine\editor\editor\x64\release\editortoolbar.obj
c:\users\jsand\documents\physicsengine\editor\editor\x64\release\editorfileio.obj
c:\users\jsand\documents\physicsengine\editor\editor\x64\release\editorcommands.obj
c:\users\jsand\documents\physicsengine\editor\editor\x64\release\editorcamerasystem.obj
c:\users\jsand\documents\physicsengine\editor\editor\x64\release\editor.obj
c:\users\jsand\documents\physicsengine\editor\editor\x64\release\console.obj
c:\users\jsand\documents\physicsengine\editor\editor\x64\release\commandmanager.obj
c:\users\jsand\documents\physicsengine\editor\editor\x64\release\command.obj
c:\users\jsand\documents\physicsengine\editor\editor\x64\release\capsulecolliderdrawer.obj
c:\users\jsand\documents\physicsengine\editor\editor\x64\release\cameradrawer.obj
c:\users\jsand\documents\physicsengine\editor\editor\x64\release\buildwindow.obj
c:\users\jsand\documents\physicsengine\editor\editor\x64\release\boxcolliderdrawer.obj
c:\users\jsand\documents\physicsengine\editor\editor\x64\release\aboutpopup.obj
c:\users\jsand\documents\physicsengine\editor\editor\x64\release\projectwindow.obj
c:\users\jsand\documents\physicsengine\editor\editor\x64\release\projectview.obj
c:\users\jsand\documents\physicsengine\editor\editor\x64\release\preferenceswindow.obj
c:\users\jsand\documents\physicsengine\editor\editor\x64\release\performancequeue.obj
c:\users\jsand\documents\physicsengine\editor\editor\x64\release\meshrendererdrawer.obj
c:\users\jsand\documents\physicsengine\editor\editor\x64\release\meshcolliderdrawer.obj
c:\users\jsand\documents\physicsengine\editor\editor\x64\release\editormenubar.obj
c:\users\jsand\documents\physicsengine\editor\editor\x64\release\imgui_widgets.obj
c:\users\jsand\documents\physicsengine\editor\editor\x64\release\imgui_impl_win32.obj
c:\users\jsand\documents\physicsengine\editor\editor\x64\release\imgui_impl_opengl3.obj
c:\users\jsand\documents\physicsengine\editor\editor\x64\release\imgui_draw.obj
c:\users\jsand\documents\physicsengine\editor\editor\x64\release\imgui_demo.obj
c:\users\jsand\documents\physicsengine\editor\editor\x64\release\imgui.obj
c:\users\jsand\documents\physicsengine\editor\editor\x64\release\main.obj
c:\users\jsand\documents\physicsengine\editor\editor\x64\release\loadinspectordrawerinternal.obj
c:\users\jsand\documents\physicsengine\editor\editor\x64\release\load.obj
c:\users\jsand\documents\physicsengine\editor\editor\x64\release\linerendererdrawer.obj
c:\users\jsand\documents\physicsengine\editor\editor\x64\release\lightdrawer.obj
c:\users\jsand\documents\physicsengine\editor\editor\x64\release\librarydirectory.obj
c:\users\jsand\documents\physicsengine\editor\editor\x64\release\librarycache.obj
c:\users\jsand\documents\physicsengine\editor\editor\x64\release\transformdrawer.obj
c:\users\jsand\documents\physicsengine\editor\editor\x64\release\spherecolliderdrawer.obj
c:\users\jsand\documents\physicsengine\editor\editor\x64\release\sceneview.obj
c:\users\jsand\documents\physicsengine\editor\editor\x64\release\rigidbodydrawer.obj
c:\users\jsand\documents\physicsengine\editor\editor\x64\release\editor.tlog\cl.command.1.tlog
c:\users\jsand\documents\physicsengine\editor\editor\x64\release\editor.tlog\cl.read.1.tlog
c:\users\jsand\documents\physicsengine\editor\editor\x64\release\editor.tlog\cl.write.1.tlog
c:\users\jsand\documents\physicsengine\editor\editor\x64\release\editor.tlog\link.command.1.tlog
c:\users\jsand\documents\physicsengine\editor\editor\x64\release\editor.tlog\link.read.1.tlog
c:\users\jsand\documents\physicsengine\editor\editor\x64\release\editor.tlog\link.write.1.tlog
