  AboutPopup.cpp
  BoxColliderDrawer.cpp
  BuildWindow.cpp
  CameraDrawer.cpp
  CapsuleColliderDrawer.cpp
  Command.cpp
  CommandManager.cpp
  Console.cpp
  CubemapDrawer.cpp
  Editor.cpp
C:\Users\jsand\Documents\PhysicsEngine\engine\include\core\PoolAllocator.h(66): error C2259: 'PhysicsEngine::EditorCameraSystem': cannot instantiate abstract class
C:\Users\jsand\Documents\PhysicsEngine\editor\editor\include\EditorCameraSystem.h(23): message : see declaration of 'PhysicsEngine::EditorCameraSystem'
C:\Users\jsand\Documents\PhysicsEngine\engine\include\core\PoolAllocator.h(66): message : due to following members:
C:\Users\jsand\Documents\PhysicsEngine\engine\include\core\PoolAllocator.h(66): message : 'std::vector<char,std::allocator<char>> PhysicsEngine::System::serialize(const PhysicsEngine::Guid &) const': is abstract
C:\Users\jsand\Documents\PhysicsEngine\engine\include\systems\System.h(28): message : see declaration of 'PhysicsEngine::System::serialize'
C:\Users\jsand\Documents\PhysicsEngine\engine\include\core\PoolAllocator.h(65): message : while compiling class template member function 'T *PhysicsEngine::PoolAllocator<T,256>::construct(void)'
          with
          [
              T=PhysicsEngine::EditorCameraSystem
          ]
C:\Users\jsand\Documents\PhysicsEngine\engine\include\core\World.h(1065): message : see reference to function template instantiation 'T *PhysicsEngine::PoolAllocator<T,256>::construct(void)' being compiled
          with
          [
              T=PhysicsEngine::EditorCameraSystem
          ]
C:\Users\jsand\Documents\PhysicsEngine\engine\include\core\World.h(1239): message : see reference to class template instantiation 'PhysicsEngine::PoolAllocator<T,256>' being compiled
          with
          [
              T=PhysicsEngine::EditorCameraSystem
          ]
C:\Users\jsand\Documents\PhysicsEngine\engine\include\core\World.h(232): message : see reference to function template instantiation 'PhysicsEngine::PoolAllocator<T,256> *PhysicsEngine::World::getSystemOrAddAllocator_impl<T>(void)' being compiled
          with
          [
              T=PhysicsEngine::EditorCameraSystem
          ]
C:\Users\jsand\Documents\PhysicsEngine\editor\editor\src\Editor.cpp(81): message : see reference to function template instantiation 'T *PhysicsEngine::World::addSystem<PhysicsEngine::EditorCameraSystem>(int)' being compiled
          with
          [
              T=PhysicsEngine::EditorCameraSystem
          ]
C:\Users\jsand\Documents\PhysicsEngine\engine\include\core\PoolAllocator.h(66,34): error C2259: 'PhysicsEngine::EditorCameraSystem': cannot instantiate abstract class
C:\Users\jsand\Documents\PhysicsEngine\editor\editor\include\EditorCameraSystem.h(23): message : see declaration of 'PhysicsEngine::EditorCameraSystem'
C:\Users\jsand\Documents\PhysicsEngine\engine\include\core\PoolAllocator.h(66,34): message : due to following members:
C:\Users\jsand\Documents\PhysicsEngine\engine\include\core\PoolAllocator.h(66,34): message : 'std::vector<char,std::allocator<char>> PhysicsEngine::System::serialize(const PhysicsEngine::Guid &) const': is abstract
C:\Users\jsand\Documents\PhysicsEngine\engine\include\systems\System.h(28): message : see declaration of 'PhysicsEngine::System::serialize'
  EditorCameraSystem.cpp
C:\Users\jsand\Documents\PhysicsEngine\editor\editor\src\EditorCameraSystem.cpp(269,11): warning C4244: 'initializing': conversion from 'float' to 'int', possible loss of data
C:\Users\jsand\Documents\PhysicsEngine\editor\editor\src\EditorCameraSystem.cpp(270,11): warning C4244: 'initializing': conversion from 'float' to 'int', possible loss of data
  EditorClipboard.cpp
  EditorCommands.cpp
  EditorFileIO.cpp
  EditorMenuBar.cpp
  EditorOnlyEntityCreation.cpp
  EditorToolbar.cpp
  FileSystemUtil.cpp
  Filebrowser.cpp
  FontDrawer.cpp
  Compiling...
  Hierarchy.cpp
  Inspector.cpp
  InspectorDrawer.cpp
  LibraryDirectory.cpp
  LightDrawer.cpp
  LineRendererDrawer.cpp
  Load.cpp
  LoadInspectorDrawerInternal.cpp
  MaterialDrawer.cpp
  MaterialRenderer.cpp
  MeshColliderDrawer.cpp
  MeshDrawer.cpp
  MeshRendererDrawer.cpp
  PerformanceQueue.cpp
  PreferencesWindow.cpp
  ProjectView.cpp
  ProjectWindow.cpp
  RigidbodyDrawer.cpp
  SceneView.cpp
C:\Users\jsand\Documents\PhysicsEngine\editor\editor\src\SceneView.cpp(96,31): warning C4244: '=': conversion from 'float' to 'int', possible loss of data
C:\Users\jsand\Documents\PhysicsEngine\editor\editor\src\SceneView.cpp(97,32): warning C4244: '=': conversion from 'float' to 'int', possible loss of data
C:\Users\jsand\Documents\PhysicsEngine\editor\editor\src\SceneView.cpp(399,43): warning C4244: '=': conversion from '_Rep' to 'float', possible loss of data
          with
          [
              _Rep=double
          ]
  ShaderDrawer.cpp
  Compiling...
  SphereColliderDrawer.cpp
  Texture2DDrawer.cpp
  Texture3DDrawer.cpp
  TransformDrawer.cpp
  TransformGizmo.cpp
  WriteToJson.cpp
  imgui_extensions.cpp
  imgui_styles.cpp
  main.cpp
