  Command.cpp
  BoxColliderDrawer.cpp
  CameraDrawer.cpp
  CapsuleColliderDrawer.cpp
  CubemapDrawer.cpp
  FontDrawer.cpp
  InspectorDrawer.cpp
  LightDrawer.cpp
  LineRendererDrawer.cpp
  LoadInspectorDrawerInternal.cpp
  MaterialDrawer.cpp
C:\Users\jsand\Documents\PhysicsEngine\editor\editor\src\drawers\MaterialDrawer.cpp(148,85): warning C4267: 'argument': conversion from 'size_t' to 'int', possible loss of data
  MeshColliderDrawer.cpp
  MeshDrawer.cpp
C:\Users\jsand\Documents\PhysicsEngine\editor\editor\src\drawers\MeshDrawer.cpp(135,85): warning C4267: 'argument': conversion from 'size_t' to 'int', possible loss of data
C:\Users\jsand\Documents\PhysicsEngine\editor\editor\src\drawers\MeshDrawer.cpp(141,95): warning C4267: 'argument': conversion from 'size_t' to 'int', possible loss of data
  MeshRendererDrawer.cpp
  RigidbodyDrawer.cpp
  ShaderDrawer.cpp
  SphereColliderDrawer.cpp
  Texture2DDrawer.cpp
  Texture3DDrawer.cpp
  TransformDrawer.cpp
  GLM: angleAxis function taking degrees as a parameter is deprecated. #define GLM_FORCE_RADIANS before including GLM headers to remove this message.
  GLM: pitch function returning degrees is deprecated. #define GLM_FORCE_RADIANS before including GLM headers to remove this message.
  GLM: yaw function returning degrees is deprecated. #define GLM_FORCE_RADIANS before including GLM headers to remove this message.
  GLM: roll function returning degrees is deprecated. #define GLM_FORCE_RADIANS before including GLM headers to remove this message.
  Generating Code...
  Compiling...
  Editor.cpp
  EditorCameraSystem.cpp
C:\Users\jsand\Documents\PhysicsEngine\editor\editor\src\EditorCameraSystem.cpp(271,11): warning C4244: 'initializing': conversion from 'float' to 'int', possible loss of data
C:\Users\jsand\Documents\PhysicsEngine\editor\editor\src\EditorCameraSystem.cpp(272,11): warning C4244: 'initializing': conversion from 'float' to 'int', possible loss of data
  GLM: angleAxis function taking degrees as a parameter is deprecated. #define GLM_FORCE_RADIANS before including GLM headers to remove this message.
  EditorClipboard.cpp
  EditorCommands.cpp
  EditorFileIO.cpp
  EditorOnlyEntityCreation.cpp
  EditorToolbar.cpp
  EditorWin32.cpp
  Filebrowser.cpp
  FileSystemUtil.cpp
  imgui_extensions.cpp
  imgui_styles.cpp
  LibraryDirectory.cpp
C:\Users\jsand\Documents\PhysicsEngine\editor\editor\src\LibraryDirectory.cpp(130,38): error C2039: 'writeSceneToBinary': is not a member of 'PhysicsEditor'
C:\Users\jsand\Documents\PhysicsEngine\editor\editor\include\LibraryDirectory.h(18): message : see declaration of 'PhysicsEditor'
C:\Users\jsand\Documents\PhysicsEngine\editor\editor\src\LibraryDirectory.cpp(130,56): error C3861: 'writeSceneToBinary': identifier not found
C:\Users\jsand\Documents\PhysicsEngine\editor\editor\src\LibraryDirectory.cpp(135,38): error C2039: 'writeAssetToBinary': is not a member of 'PhysicsEditor'
C:\Users\jsand\Documents\PhysicsEngine\editor\editor\include\LibraryDirectory.h(18): message : see declaration of 'PhysicsEditor'
C:\Users\jsand\Documents\PhysicsEngine\editor\editor\src\LibraryDirectory.cpp(135,56): error C3861: 'writeAssetToBinary': identifier not found
C:\Users\jsand\Documents\PhysicsEngine\editor\editor\src\LibraryDirectory.cpp(157,25): error C2039: 'loadAsset': is not a member of 'PhysicsEngine::World'
C:\Users\jsand\Documents\PhysicsEngine\engine\include\core\World.h(50): message : see declaration of 'PhysicsEngine::World'
  Load.cpp
C:\Users\jsand\Documents\PhysicsEngine\engine\include\core\PoolAllocator.h(151,1): error C2027: use of undefined type 'PhysicsEngine::Entity'
C:\Users\jsand\Documents\PhysicsEngine\engine\include\components\Component.h(10): message : see declaration of 'PhysicsEngine::Entity'
C:\Users\jsand\Documents\PhysicsEngine\engine\include\core\PoolAllocator.h(142): message : while compiling class template member function 'PhysicsEngine::PoolAllocator<PhysicsEngine::Entity,256>::~PoolAllocator(void)'
C:\Users\jsand\Documents\PhysicsEngine\engine\include\core\WorldAllocators.h(76): message : see reference to function template instantiation 'PhysicsEngine::PoolAllocator<PhysicsEngine::Entity,256>::~PoolAllocator(void)' being compiled
C:\Users\jsand\Documents\PhysicsEngine\engine\include\core\WorldAllocators.h(40): message : see reference to class template instantiation 'PhysicsEngine::PoolAllocator<PhysicsEngine::Entity,256>' being compiled
  main.cpp
  MenuBar.cpp
C:\Users\jsand\Documents\PhysicsEngine\editor\editor\src\MenuBar.cpp(381,31): error C2039: 'loadSceneFromEditor': is not a member of 'PhysicsEngine::World'
C:\Users\jsand\Documents\PhysicsEngine\engine\include\core\World.h(50): message : see declaration of 'PhysicsEngine::World'
C:\Users\jsand\Documents\PhysicsEngine\editor\editor\src\MenuBar.cpp(394,24): error C2039: 'writeSceneToJson': is not a member of 'PhysicsEditor'
C:\Users\jsand\Documents\PhysicsEngine\editor\editor\include\Undo.h(14): message : see declaration of 'PhysicsEditor'
C:\Users\jsand\Documents\PhysicsEngine\editor\editor\src\MenuBar.cpp(394,8): error C3861: 'writeSceneToJson': identifier not found
  PerformanceQueue.cpp
  TransformGizmo.cpp
  GLM: angleAxis function taking degrees as a parameter is deprecated. #define GLM_FORCE_RADIANS before including GLM headers to remove this message.
  Undo.cpp
C:\Users\jsand\Documents\PhysicsEngine\editor\editor\src\Undo.cpp(32,63): error C2661: 'PhysicsEngine::Entity::serialize': no overloaded function takes 0 arguments
C:\Users\jsand\Documents\PhysicsEngine\editor\editor\src\Undo.cpp(42,66): error C2661: 'PhysicsEngine::Component::serialize': no overloaded function takes 0 arguments
C:\Users\jsand\Documents\PhysicsEngine\editor\editor\src\Undo.cpp(100,81): error C2661: 'PhysicsEngine::Entity::serialize': no overloaded function takes 0 arguments
C:\Users\jsand\Documents\PhysicsEngine\editor\editor\src\Undo.cpp(100,45): error C2672: 'std::make_pair': no matching overloaded function found
C:\Users\jsand\Documents\PhysicsEngine\editor\editor\src\Undo.cpp(100,82): error C2780: 'std::pair<_Unrefwrap_helper<decay<_Ty>::type>::type,_Unrefwrap_helper<decay<_Ty2>::type>::type> std::make_pair(_Ty1 &&,_Ty2 &&) noexcept(<expr>)': expects 2 arguments - 1 provided
C:\Program Files (x86)\Microsoft Visual Studio\2019\Community\VC\Tools\MSVC\14.28.29333\include\utility(387): message : see declaration of 'std::make_pair'
C:\Users\jsand\Documents\PhysicsEngine\editor\editor\src\Undo.cpp(105,74): error C2661: 'PhysicsEngine::Entity::serialize': no overloaded function takes 0 arguments
C:\Users\jsand\Documents\PhysicsEngine\editor\editor\src\Undo.cpp(105,38): error C2672: 'std::make_pair': no matching overloaded function found
C:\Users\jsand\Documents\PhysicsEngine\editor\editor\src\Undo.cpp(105,75): error C2780: 'std::pair<_Unrefwrap_helper<decay<_Ty>::type>::type,_Unrefwrap_helper<decay<_Ty2>::type>::type> std::make_pair(_Ty1 &&,_Ty2 &&) noexcept(<expr>)': expects 2 arguments - 1 provided
C:\Program Files (x86)\Microsoft Visual Studio\2019\Community\VC\Tools\MSVC\14.28.29333\include\utility(387): message : see declaration of 'std::make_pair'
C:\Users\jsand\Documents\PhysicsEngine\editor\editor\src\Undo.cpp(110,83): error C2661: 'PhysicsEngine::Component::serialize': no overloaded function takes 0 arguments
C:\Users\jsand\Documents\PhysicsEngine\editor\editor\src\Undo.cpp(110,41): error C2672: 'std::make_pair': no matching overloaded function found
C:\Users\jsand\Documents\PhysicsEngine\editor\editor\src\Undo.cpp(110,84): error C2780: 'std::pair<_Unrefwrap_helper<decay<_Ty>::type>::type,_Unrefwrap_helper<decay<_Ty2>::type>::type> std::make_pair(_Ty1 &&,_Ty2 &&) noexcept(<expr>)': expects 2 arguments - 1 provided
C:\Program Files (x86)\Microsoft Visual Studio\2019\Community\VC\Tools\MSVC\14.28.29333\include\utility(387): message : see declaration of 'std::make_pair'
  AboutPopup.cpp
  Generating Code...
  Compiling...
  BuildWindow.cpp
  Console.cpp
  Hierarchy.cpp
C:\Users\jsand\Documents\PhysicsEngine\editor\editor\src\views\Hierarchy.cpp(30,46): error C2672: 'std::max': no matching overloaded function found
C:\Users\jsand\Documents\PhysicsEngine\editor\editor\src\views\Hierarchy.cpp(31,49): error C2780: '_Ty std::max(std::initializer_list<_Elem>)': expects 1 arguments - 2 provided
C:\Program Files (x86)\Microsoft Visual Studio\2019\Community\VC\Tools\MSVC\14.28.29333\include\utility(52): message : see declaration of 'std::max'
C:\Users\jsand\Documents\PhysicsEngine\editor\editor\src\views\Hierarchy.cpp(31,49): error C2784: '_Ty std::max(std::initializer_list<_Elem>,_Pr)': could not deduce template argument for 'std::initializer_list<_Elem>' from 'int'
C:\Program Files (x86)\Microsoft Visual Studio\2019\Community\VC\Tools\MSVC\14.28.29333\include\utility(49): message : see declaration of 'std::max'
C:\Users\jsand\Documents\PhysicsEngine\editor\editor\src\views\Hierarchy.cpp(31,49): error C2782: 'const _Ty &std::max(const _Ty &,const _Ty &) noexcept(<expr>)': template parameter '_Ty' is ambiguous
C:\Program Files (x86)\Microsoft Visual Studio\2019\Community\VC\Tools\MSVC\14.28.29333\include\utility(41): message : see declaration of 'std::max'
C:\Users\jsand\Documents\PhysicsEngine\editor\editor\src\views\Hierarchy.cpp(31,49): message : could be 'size_t'
C:\Users\jsand\Documents\PhysicsEngine\editor\editor\src\views\Hierarchy.cpp(31,49): message : or       'int'
C:\Users\jsand\Documents\PhysicsEngine\editor\editor\src\views\Hierarchy.cpp(31,49): error C2784: 'const _Ty &std::max(const _Ty &,const _Ty &) noexcept(<expr>)': could not deduce template argument for 'const _Ty &' from 'size_t'
C:\Program Files (x86)\Microsoft Visual Studio\2019\Community\VC\Tools\MSVC\14.28.29333\include\utility(41): message : see declaration of 'std::max'
C:\Users\jsand\Documents\PhysicsEngine\editor\editor\src\views\Hierarchy.cpp(31,49): error C2780: 'const _Ty &std::max(const _Ty &,const _Ty &,_Pr) noexcept(<expr>)': expects 3 arguments - 2 provided
C:\Program Files (x86)\Microsoft Visual Studio\2019\Community\VC\Tools\MSVC\14.28.29333\include\utility(32): message : see declaration of 'std::max'
C:\Users\jsand\Documents\PhysicsEngine\editor\editor\src\views\Hierarchy.cpp(69,13): warning C4996: 'strncpy': This function or variable may be unsafe. Consider using strncpy_s instead. To disable deprecation, use _CRT_SECURE_NO_WARNINGS. See online help for details.
C:\Users\jsand\Documents\PhysicsEngine\editor\editor\src\views\Hierarchy.cpp(155,33): error C2672: 'std::max': no matching overloaded function found
C:\Users\jsand\Documents\PhysicsEngine\editor\editor\src\views\Hierarchy.cpp(155,102): error C2780: '_Ty std::max(std::initializer_list<_Elem>)': expects 1 arguments - 2 provided
C:\Program Files (x86)\Microsoft Visual Studio\2019\Community\VC\Tools\MSVC\14.28.29333\include\utility(52): message : see declaration of 'std::max'
C:\Users\jsand\Documents\PhysicsEngine\editor\editor\src\views\Hierarchy.cpp(155,102): error C2784: '_Ty std::max(std::initializer_list<_Elem>,_Pr)': could not deduce template argument for 'std::initializer_list<_Elem>' from 'int'
C:\Program Files (x86)\Microsoft Visual Studio\2019\Community\VC\Tools\MSVC\14.28.29333\include\utility(49): message : see declaration of 'std::max'
C:\Users\jsand\Documents\PhysicsEngine\editor\editor\src\views\Hierarchy.cpp(155,102): error C2782: 'const _Ty &std::max(const _Ty &,const _Ty &) noexcept(<expr>)': template parameter '_Ty' is ambiguous
C:\Program Files (x86)\Microsoft Visual Studio\2019\Community\VC\Tools\MSVC\14.28.29333\include\utility(41): message : see declaration of 'std::max'
C:\Users\jsand\Documents\PhysicsEngine\editor\editor\src\views\Hierarchy.cpp(155,102): message : could be 'size_t'
C:\Users\jsand\Documents\PhysicsEngine\editor\editor\src\views\Hierarchy.cpp(155,102): message : or       'int'
C:\Users\jsand\Documents\PhysicsEngine\editor\editor\src\views\Hierarchy.cpp(155,102): error C2784: 'const _Ty &std::max(const _Ty &,const _Ty &) noexcept(<expr>)': could not deduce template argument for 'const _Ty &' from 'size_t'
C:\Program Files (x86)\Microsoft Visual Studio\2019\Community\VC\Tools\MSVC\14.28.29333\include\utility(41): message : see declaration of 'std::max'
C:\Users\jsand\Documents\PhysicsEngine\editor\editor\src\views\Hierarchy.cpp(155,102): error C2780: 'const _Ty &std::max(const _Ty &,const _Ty &,_Pr) noexcept(<expr>)': expects 3 arguments - 2 provided
C:\Program Files (x86)\Microsoft Visual Studio\2019\Community\VC\Tools\MSVC\14.28.29333\include\utility(32): message : see declaration of 'std::max'
  Inspector.cpp
  PopupWindow.cpp
  PreferencesWindow.cpp
  ProjectView.cpp
  ProjectWindow.cpp
  SceneView.cpp
C:\Users\jsand\Documents\PhysicsEngine\editor\editor\src\views\SceneView.cpp(86,27): warning C4244: '=': conversion from 'float' to 'int', possible loss of data
C:\Users\jsand\Documents\PhysicsEngine\editor\editor\src\views\SceneView.cpp(87,28): warning C4244: '=': conversion from 'float' to 'int', possible loss of data
C:\Users\jsand\Documents\PhysicsEngine\editor\editor\src\views\SceneView.cpp(375,43): warning C4244: '=': conversion from '_Rep' to 'float', possible loss of data
          with
          [
              _Rep=double
          ]
  Window.cpp
  WriteToJson.cpp
  Generating Code...
