c:\users\jsand\documents\physicsengine\editor\editor\x64\debug\vc142.pdb
c:\users\jsand\documents\physicsengine\editor\editor\x64\debug\vc142.idb
c:\users\jsand\documents\physicsengine\editor\editor\x64\debug\meshcolliderdrawer.obj
c:\users\jsand\documents\physicsengine\editor\editor\x64\debug\loadinspectordrawerinternal.obj
c:\users\jsand\documents\physicsengine\editor\editor\x64\debug\inspectordrawer.obj
c:\users\jsand\documents\physicsengine\editor\editor\x64\debug\capsulecolliderdrawer.obj
c:\users\jsand\documents\physicsengine\editor\editor\x64\debug\aboutpopup.obj
c:\users\jsand\documents\physicsengine\editor\editor\x64\debug\transformgizmo.obj
c:\users\jsand\documents\physicsengine\editor\editor\x64\debug\performancequeue.obj
c:\users\jsand\documents\physicsengine\editor\editor\x64\debug\main.obj
c:\users\jsand\documents\physicsengine\editor\editor\x64\debug\librarydirectory.obj
c:\users\jsand\documents\physicsengine\editor\editor\x64\debug\imgui_styles.obj
c:\users\jsand\documents\physicsengine\editor\editor\x64\debug\imgui_extensions.obj
c:\users\jsand\documents\physicsengine\editor\editor\x64\debug\filesystemutil.obj
c:\users\jsand\documents\physicsengine\editor\editor\x64\debug\filebrowser.obj
c:\users\jsand\documents\physicsengine\editor\editor\x64\debug\editorwin32.obj
c:\users\jsand\documents\physicsengine\editor\editor\x64\debug\editortoolbar.obj
c:\users\jsand\documents\physicsengine\editor\editor\x64\debug\editoronlyentitycreation.obj
c:\users\jsand\documents\physicsengine\editor\editor\x64\debug\editorcamerasystem.obj
c:\users\jsand\documents\physicsengine\editor\editor\x64\debug\writetojson.obj
c:\users\jsand\documents\physicsengine\editor\editor\x64\debug\window.obj
c:\users\jsand\documents\physicsengine\editor\editor\x64\debug\projectview.obj
c:\users\jsand\documents\physicsengine\editor\editor\x64\debug\preferenceswindow.obj
c:\users\jsand\documents\physicsengine\editor\editor\x64\debug\popupwindow.obj
c:\users\jsand\documents\physicsengine\editor\editor\x64\debug\console.obj
c:\users\jsand\documents\physicsengine\editor\editor\x64\debug\buildwindow.obj
c:\users\jsand\documents\physicsengine\editor\editor\x64\debug\editor.tlog\cl.command.1.tlog
c:\users\jsand\documents\physicsengine\editor\editor\x64\debug\editor.tlog\cl.read.1.tlog
c:\users\jsand\documents\physicsengine\editor\editor\x64\debug\editor.tlog\cl.write.1.tlog
