c:\users\james\documents\physicsengine\sample_project\demo\demo\x64\debug\demo.pch
c:\users\james\documents\physicsengine\sample_project\demo\demo\x64\debug\vc120.pdb
c:\users\james\documents\physicsengine\sample_project\demo\demo\x64\debug\vc120.idb
c:\users\james\documents\physicsengine\sample_project\demo\demo\x64\debug\stdafx.obj
c:\users\james\documents\physicsengine\sample_project\demo\demo\x64\debug\demo.obj
c:\users\james\documents\physicsengine\sample_project\demo\demo\x64\debug\demo.res
c:\users\james\documents\physicsengine\sample_project\demo\x64\debug\demo.pdb
c:\users\james\documents\physicsengine\sample_project\demo\demo\x64\debug\demo.tlog\cl.command.1.tlog
c:\users\james\documents\physicsengine\sample_project\demo\demo\x64\debug\demo.tlog\cl.read.1.tlog
c:\users\james\documents\physicsengine\sample_project\demo\demo\x64\debug\demo.tlog\cl.write.1.tlog
c:\users\james\documents\physicsengine\sample_project\demo\demo\x64\debug\demo.tlog\link-cvtres.read.1.tlog
c:\users\james\documents\physicsengine\sample_project\demo\demo\x64\debug\demo.tlog\link-cvtres.write.1.tlog
c:\users\james\documents\physicsengine\sample_project\demo\demo\x64\debug\demo.tlog\link-rc.read.1.tlog
c:\users\james\documents\physicsengine\sample_project\demo\demo\x64\debug\demo.tlog\link-rc.write.1.tlog
c:\users\james\documents\physicsengine\sample_project\demo\demo\x64\debug\demo.tlog\link.command.1.tlog
c:\users\james\documents\physicsengine\sample_project\demo\demo\x64\debug\demo.tlog\link.read.1.tlog
c:\users\james\documents\physicsengine\sample_project\demo\demo\x64\debug\demo.tlog\link.write.1.tlog
c:\users\james\documents\physicsengine\sample_project\demo\demo\x64\debug\demo.tlog\rc.command.1.tlog
c:\users\james\documents\physicsengine\sample_project\demo\demo\x64\debug\demo.tlog\rc.read.1.tlog
c:\users\james\documents\physicsengine\sample_project\demo\demo\x64\debug\demo.tlog\rc.write.1.tlog
